Base path: 'C:/Program Files/UnityEditor/2019.4.13f1/Editor/Data', plugins path 'C:/Program Files/UnityEditor/2019.4.13f1/Editor/Data/PlaybackEngines'
Cmd: initializeCompiler
Cmd: compileComputeKernel
  api=4 insize=958 outsize=1905 ok=1
Cmd: compileComputeKernel
  api=4 insize=759 outsize=753 ok=1
Cmd: compileComputeKernel
  api=4 insize=3405 outsize=1969 ok=1
Cmd: compileComputeKernel
  api=4 insize=13751 outsize=1364 ok=1
Cmd: compileComputeKernel
  api=4 insize=80473 outsize=2479 ok=1
Cmd: compileComputeKernel
  api=4 insize=80473 outsize=2634 ok=1
Cmd: compileComputeKernel
  api=4 insize=80473 outsize=2261 ok=1
Cmd: compileComputeKernel
  api=4 insize=80473 outsize=3375 ok=1
Cmd: compileComputeKernel
  api=4 insize=80473 outsize=3471 ok=1
Cmd: compileComputeKernel
  api=4 insize=80473 outsize=3716 ok=1
Cmd: compileComputeKernel
  api=4 insize=80473 outsize=3407 ok=1
Cmd: compileComputeKernel
  api=4 insize=80473 outsize=5039 ok=1
Cmd: compileComputeKernel
  api=4 insize=80473 outsize=5218 ok=1
Cmd: compileComputeKernel
  api=4 insize=80473 outsize=3482 ok=1
Cmd: compileComputeKernel
  api=4 insize=80473 outsize=3638 ok=1
Cmd: compileComputeKernel
  api=4 insize=4703 outsize=3482 ok=1
Cmd: compileComputeKernel
  api=4 insize=467 outsize=3087 ok=1
Cmd: compileComputeKernel
  api=4 insize=958 outsize=1465 ok=1
Cmd: compileComputeKernel
  api=4 insize=10470 outsize=1032 ok=1
Cmd: compileComputeKernel
  api=4 insize=10470 outsize=700 ok=1
Cmd: compileComputeKernel
  api=4 insize=10470 outsize=847 ok=1
Cmd: compileComputeKernel
  api=4 insize=10470 outsize=693 ok=1
Cmd: compileComputeKernel
  api=4 insize=10470 outsize=1484 ok=1
Cmd: compileComputeKernel
  api=4 insize=10470 outsize=1363 ok=1
Cmd: compileComputeKernel
  api=4 insize=10470 outsize=1369 ok=1
Cmd: compileComputeKernel
  api=4 insize=10470 outsize=1828 ok=1
Cmd: compileComputeKernel
  api=4 insize=10470 outsize=1319 ok=1

Quitting shader compiler process
