Base path: 'C:/Program Files/UnityEditor/2019.4.13f1/Editor/Data', plugins path 'C:/Program Files/UnityEditor/2019.4.13f1/Editor/Data/PlaybackEngines'
Cmd: initializeCompiler
Cmd: compileComputeKernel
  api=4 insize=958 outsize=1497 ok=1
Cmd: compileComputeKernel
  api=4 insize=759 outsize=791 ok=1
Cmd: compileComputeKernel
  api=4 insize=3405 outsize=27630 ok=1
Cmd: compileComputeKernel
  api=4 insize=13751 outsize=1558 ok=1
Cmd: compileComputeKernel
  api=4 insize=80473 outsize=2795 ok=1
Cmd: compileComputeKernel
  api=4 insize=80473 outsize=1489 ok=1
Cmd: compileComputeKernel
  api=4 insize=80473 outsize=2241 ok=1
Cmd: compileComputeKernel
  api=4 insize=80473 outsize=3372 ok=1
Cmd: compileComputeKernel
  api=4 insize=80473 outsize=3553 ok=1
Cmd: compileComputeKernel
  api=4 insize=80473 outsize=3716 ok=1
Cmd: compileComputeKernel
  api=4 insize=80473 outsize=3475 ok=1
Cmd: compileComputeKernel
  api=4 insize=80473 outsize=5479 ok=1
Cmd: compileComputeKernel
  api=4 insize=80473 outsize=6504 ok=1
Cmd: compileComputeKernel
  api=4 insize=80473 outsize=1590 ok=1
Cmd: compileComputeKernel
  api=4 insize=80473 outsize=1750 ok=1
Cmd: compileComputeKernel
  api=4 insize=80473 outsize=4571 ok=1
Cmd: compileComputeKernel
  api=4 insize=4703 outsize=3429 ok=1
Cmd: compileComputeKernel
  api=4 insize=75201 outsize=5651 ok=1
Cmd: compileComputeKernel
  api=4 insize=13363 outsize=3683 ok=1
Cmd: compileComputeKernel
  api=4 insize=958 outsize=1465 ok=1
Cmd: compileComputeKernel
  api=4 insize=776 outsize=14580 ok=1
Cmd: compileComputeKernel
  api=4 insize=10470 outsize=674 ok=1
Cmd: compileComputeKernel
  api=4 insize=10470 outsize=1246 ok=1
Cmd: compileComputeKernel
  api=4 insize=10470 outsize=629 ok=1
Cmd: compileComputeKernel
  api=4 insize=10470 outsize=1346 ok=1
Cmd: compileComputeKernel
  api=4 insize=10470 outsize=1296 ok=1
Cmd: compileComputeKernel
  api=4 insize=10470 outsize=1843 ok=1
Cmd: compileComputeKernel
  api=4 insize=10470 outsize=1397 ok=1
Cmd: compileComputeKernel
  api=4 insize=10470 outsize=1317 ok=1
Cmd: compileComputeKernel
  api=4 insize=1900 outsize=3122 ok=1

Quitting shader compiler process
